Deploy complete @ Mon Oct 09 2017 14:38:49 GMT-0700 (PDT). added/changed 1 file(s): sections/footer.liquid.
Deploy complete @ Mon Oct 09 2017 15:05:43 GMT-0700 (PDT). added/changed 1 file(s): sections/footer.liquid.
Deploy complete @ Mon Oct 09 2017 15:06:06 GMT-0700 (PDT). added/changed 1 file(s): sections/footer.liquid.
Deploy complete @ Mon Oct 09 2017 15:07:38 GMT-0700 (PDT). added/changed 1 file(s): sections/footer.liquid.
Deploy complete @ Mon Oct 09 2017 15:09:29 GMT-0700 (PDT). added/changed 1 file(s): sections/footer.liquid.
Deploy complete @ Mon Oct 09 2017 15:09:45 GMT-0700 (PDT). added/changed 1 file(s): sections/footer.liquid.
Deploy complete @ Mon Oct 09 2017 15:10:11 GMT-0700 (PDT). added/changed 1 file(s): sections/footer.liquid.
Deploy complete @ Mon Oct 09 2017 15:11:02 GMT-0700 (PDT). added/changed 1 file(s): sections/footer.liquid.
Deploy complete @ Mon Oct 09 2017 15:21:15 GMT-0700 (PDT). added/changed 1 file(s): sections/footer.liquid.
Deploy complete @ Mon Oct 09 2017 15:21:25 GMT-0700 (PDT). added/changed 1 file(s): sections/footer.liquid.
Deploy complete @ Mon Oct 09 2017 15:22:12 GMT-0700 (PDT). added/changed 1 file(s): sections/footer.liquid.
Deploy complete @ Mon Oct 09 2017 15:47:50 GMT-0700 (PDT). added/changed 1 file(s): sections/footer.liquid.
Deploy complete @ Mon Oct 09 2017 17:01:50 GMT-0700 (PDT). added/changed 1 file(s): sections/footer.liquid.
Deploy complete @ Mon Oct 09 2017 17:06:24 GMT-0700 (PDT). added/changed 1 file(s): sections/footer.liquid.
Deploy complete @ Mon Oct 09 2017 17:15:45 GMT-0700 (PDT). added/changed 1 file(s): sections/footer.liquid.
Deploy complete @ Mon Oct 09 2017 17:16:02 GMT-0700 (PDT). added/changed 1 file(s): sections/footer.liquid.
Deploy complete @ Mon Oct 09 2017 17:17:47 GMT-0700 (PDT). added/changed 1 file(s): sections/footer.liquid.
Deploy complete @ Mon Oct 09 2017 17:21:30 GMT-0700 (PDT). added/changed 1 file(s): sections/footer.liquid.
Deploy complete @ Mon Oct 09 2017 17:21:34 GMT-0700 (PDT). added/changed 1 file(s): sections/footer.liquid.
Deploy complete @ Mon Oct 09 2017 17:21:49 GMT-0700 (PDT). added/changed 1 file(s): sections/footer.liquid.
Deploy complete @ Mon Oct 09 2017 17:22:14 GMT-0700 (PDT). added/changed 1 file(s): sections/footer.liquid.
Deploy complete @ Mon Oct 09 2017 17:22:25 GMT-0700 (PDT). added/changed 1 file(s): sections/footer.liquid.
Deploy complete @ Mon Oct 09 2017 17:23:10 GMT-0700 (PDT). added/changed 1 file(s): sections/footer.liquid.
Deploy complete @ Mon Oct 09 2017 17:23:15 GMT-0700 (PDT). added/changed 1 file(s): sections/footer.liquid.
Deploy complete @ Mon Oct 09 2017 17:25:09 GMT-0700 (PDT). added/changed 1 file(s): sections/footer.liquid.
Deploy complete @ Mon Oct 09 2017 17:26:32 GMT-0700 (PDT). added/changed 1 file(s): sections/footer.liquid.
Deploy complete @ Mon Oct 09 2017 17:27:03 GMT-0700 (PDT). added/changed 1 file(s): sections/footer.liquid.
Deploy complete @ Mon Oct 09 2017 17:27:11 GMT-0700 (PDT). added/changed 1 file(s): sections/footer.liquid.
Deploy complete @ Mon Oct 09 2017 17:28:55 GMT-0700 (PDT). added/changed 1 file(s): sections/footer.liquid.
Deploy complete @ Mon Oct 09 2017 17:34:53 GMT-0700 (PDT). added/changed 1 file(s): sections/footer.liquid.
Deploy complete @ Mon Oct 09 2017 17:35:22 GMT-0700 (PDT). added/changed 1 file(s): sections/footer.liquid.
Deploy complete @ Mon Oct 09 2017 17:35:42 GMT-0700 (PDT). added/changed 1 file(s): sections/footer.liquid.
Deploy complete @ Mon Oct 09 2017 17:36:16 GMT-0700 (PDT). added/changed 1 file(s): sections/footer.liquid.
Deploy complete @ Mon Oct 09 2017 17:36:35 GMT-0700 (PDT). added/changed 1 file(s): sections/footer.liquid.
Deploy complete @ Mon Oct 09 2017 17:36:46 GMT-0700 (PDT). added/changed 1 file(s): sections/footer.liquid.
Deploy complete @ Mon Oct 09 2017 17:38:10 GMT-0700 (PDT). added/changed 1 file(s): sections/footer.liquid.
Deploy complete @ Mon Oct 09 2017 17:39:19 GMT-0700 (PDT). added/changed 1 file(s): sections/footer.liquid.
Deploy complete @ Mon Oct 09 2017 17:39:31 GMT-0700 (PDT). added/changed 1 file(s): sections/footer.liquid.
Deploy complete @ Mon Oct 09 2017 17:39:39 GMT-0700 (PDT). added/changed 1 file(s): sections/footer.liquid.
Deploy complete @ Mon Oct 09 2017 17:40:08 GMT-0700 (PDT). added/changed 1 file(s): sections/footer.liquid.
Deploy complete @ Mon Oct 09 2017 17:41:09 GMT-0700 (PDT). added/changed 1 file(s): sections/footer.liquid.
Deploy complete @ Mon Oct 09 2017 17:41:23 GMT-0700 (PDT). added/changed 1 file(s): sections/footer.liquid.
Deploy complete @ Mon Oct 09 2017 17:42:23 GMT-0700 (PDT). added/changed 1 file(s): sections/footer.liquid.
Deploy complete @ Mon Oct 09 2017 17:43:02 GMT-0700 (PDT). added/changed 1 file(s): sections/footer.liquid.
Deploy complete @ Mon Oct 09 2017 17:43:42 GMT-0700 (PDT). added/changed 1 file(s): sections/footer.liquid.
Deploy complete @ Mon Oct 09 2017 17:44:14 GMT-0700 (PDT). added/changed 1 file(s): sections/footer.liquid.
Deploy complete @ Mon Oct 09 2017 17:44:58 GMT-0700 (PDT). added/changed 1 file(s): sections/footer.liquid.
Deploy complete @ Mon Oct 09 2017 18:25:09 GMT-0700 (PDT). added/changed 1 file(s): assets/newsletter-stamp.png.
Deploy complete @ Mon Oct 09 2017 18:25:17 GMT-0700 (PDT). removed 1 file(s): assets/logo.png.
Deploy complete @ Mon Oct 09 2017 19:09:26 GMT-0700 (PDT). added/changed 1 file(s): sections/footer.liquid.
Deploy complete @ Mon Oct 09 2017 19:12:44 GMT-0700 (PDT). added/changed 1 file(s): assets/custom.scss.
Deploy complete @ Mon Oct 09 2017 19:14:21 GMT-0700 (PDT). added/changed 1 file(s): assets/custom.scss.
Deploy complete @ Mon Oct 09 2017 19:14:30 GMT-0700 (PDT). added/changed 1 file(s): assets/custom.scss.
Deploy complete @ Mon Oct 09 2017 19:15:08 GMT-0700 (PDT). added/changed 1 file(s): sections/footer.liquid.
Deploy complete @ Mon Oct 09 2017 19:16:04 GMT-0700 (PDT). added/changed 1 file(s): assets/custom.scss.
Deploy complete @ Mon Oct 09 2017 19:18:33 GMT-0700 (PDT). added/changed 1 file(s): assets/custom.scss.
Deploy complete @ Mon Oct 09 2017 19:20:45 GMT-0700 (PDT). added/changed 1 file(s): assets/custom.scss.
Deploy complete @ Mon Oct 09 2017 19:22:49 GMT-0700 (PDT). added/changed 1 file(s): assets/custom.scss.
Deploy complete @ Mon Oct 09 2017 19:23:23 GMT-0700 (PDT). added/changed 1 file(s): assets/custom.scss.
Deploy complete @ Mon Oct 09 2017 19:23:37 GMT-0700 (PDT). added/changed 1 file(s): assets/custom.scss.
Deploy complete @ Mon Oct 09 2017 19:24:48 GMT-0700 (PDT). added/changed 1 file(s): assets/custom.scss.
Deploy complete @ Mon Oct 09 2017 19:25:02 GMT-0700 (PDT). added/changed 1 file(s): assets/custom.scss.
Deploy complete @ Mon Oct 09 2017 19:25:20 GMT-0700 (PDT). added/changed 1 file(s): assets/custom.scss.
Deploy complete @ Mon Oct 09 2017 19:26:17 GMT-0700 (PDT). added/changed 1 file(s): sections/footer.liquid.
Deploy complete @ Mon Oct 09 2017 19:27:10 GMT-0700 (PDT). added/changed 1 file(s): sections/footer.liquid.
Deploy complete @ Mon Oct 09 2017 19:28:06 GMT-0700 (PDT). added/changed 1 file(s): sections/footer.liquid.
Deploy complete @ Mon Oct 09 2017 19:28:34 GMT-0700 (PDT). added/changed 1 file(s): sections/footer.liquid.
Deploy complete @ Mon Oct 09 2017 19:28:52 GMT-0700 (PDT). added/changed 1 file(s): sections/footer.liquid.
Deploy complete @ Mon Oct 09 2017 19:29:45 GMT-0700 (PDT). added/changed 1 file(s): assets/custom.scss.
Deploy complete @ Mon Oct 09 2017 19:30:15 GMT-0700 (PDT). added/changed 1 file(s): assets/custom.scss.
Deploy complete @ Mon Oct 09 2017 19:30:25 GMT-0700 (PDT). added/changed 1 file(s): assets/custom.scss.
Deploy complete @ Mon Oct 09 2017 19:31:14 GMT-0700 (PDT). added/changed 1 file(s): sections/footer.liquid.
Deploy complete @ Mon Oct 09 2017 19:31:39 GMT-0700 (PDT). added/changed 1 file(s): sections/footer.liquid.
Deploy complete @ Mon Oct 09 2017 19:32:19 GMT-0700 (PDT). added/changed 1 file(s): assets/custom.scss.
Deploy complete @ Mon Oct 09 2017 19:34:02 GMT-0700 (PDT). added/changed 1 file(s): assets/custom.scss.
Deploy complete @ Mon Oct 09 2017 19:34:40 GMT-0700 (PDT). added/changed 1 file(s): assets/custom.scss.
Deploy complete @ Mon Oct 09 2017 19:34:57 GMT-0700 (PDT). added/changed 1 file(s): assets/custom.scss.
Deploy complete @ Mon Oct 09 2017 19:35:07 GMT-0700 (PDT). added/changed 1 file(s): assets/custom.scss.
Deploy complete @ Mon Oct 09 2017 19:35:19 GMT-0700 (PDT). added/changed 1 file(s): assets/custom.scss.
Deploy complete @ Mon Oct 09 2017 19:36:52 GMT-0700 (PDT). added/changed 1 file(s): assets/custom.scss.
Deploy complete @ Mon Oct 09 2017 19:47:47 GMT-0700 (PDT). added/changed 1 file(s): assets/custom.scss.
Deploy complete @ Mon Oct 09 2017 19:48:16 GMT-0700 (PDT). added/changed 1 file(s): assets/custom.scss.
Deploy complete @ Mon Oct 09 2017 19:48:34 GMT-0700 (PDT). added/changed 1 file(s): assets/custom.scss.
Deploy complete @ Mon Oct 09 2017 19:48:45 GMT-0700 (PDT). added/changed 1 file(s): assets/custom.scss.
Deploy complete @ Mon Oct 09 2017 19:49:24 GMT-0700 (PDT). added/changed 1 file(s): assets/custom.scss.
Deploy complete @ Mon Oct 09 2017 19:49:34 GMT-0700 (PDT). added/changed 1 file(s): assets/custom.scss.
Deploy complete @ Mon Oct 09 2017 19:50:37 GMT-0700 (PDT). added/changed 1 file(s): assets/custom.scss.
Deploy complete @ Mon Oct 09 2017 19:50:59 GMT-0700 (PDT). added/changed 1 file(s): assets/custom.scss.
Deploy complete @ Mon Oct 09 2017 19:51:08 GMT-0700 (PDT). added/changed 1 file(s): assets/custom.scss.
Deploy complete @ Mon Oct 09 2017 19:51:18 GMT-0700 (PDT). added/changed 1 file(s): assets/custom.scss.
Deploy complete @ Mon Oct 09 2017 19:52:17 GMT-0700 (PDT). added/changed 1 file(s): assets/custom.scss.
Deploy complete @ Mon Oct 09 2017 19:53:15 GMT-0700 (PDT). added/changed 1 file(s): assets/custom.scss.
Deploy complete @ Mon Oct 09 2017 19:53:36 GMT-0700 (PDT). added/changed 1 file(s): assets/custom.scss.
Deploy complete @ Mon Oct 09 2017 19:53:49 GMT-0700 (PDT). added/changed 1 file(s): assets/custom.scss.
Deploy complete @ Mon Oct 09 2017 19:54:15 GMT-0700 (PDT). added/changed 1 file(s): assets/custom.scss.
Deploy complete @ Mon Oct 09 2017 19:54:28 GMT-0700 (PDT). added/changed 1 file(s): assets/custom.scss.
Deploy complete @ Mon Oct 09 2017 19:54:42 GMT-0700 (PDT). added/changed 1 file(s): assets/custom.scss.
Deploy complete @ Mon Oct 09 2017 19:55:29 GMT-0700 (PDT). added/changed 1 file(s): assets/custom.scss.
Deploy complete @ Mon Oct 09 2017 19:56:26 GMT-0700 (PDT). added/changed 1 file(s): assets/custom.scss.
Deploy complete @ Mon Oct 09 2017 19:57:01 GMT-0700 (PDT). added/changed 1 file(s): assets/custom.scss.
Deploy complete @ Mon Oct 09 2017 19:57:26 GMT-0700 (PDT). added/changed 1 file(s): assets/custom.scss.
Deploy complete @ Mon Oct 09 2017 19:57:50 GMT-0700 (PDT). added/changed 1 file(s): assets/custom.scss.
Deploy complete @ Mon Oct 09 2017 19:58:03 GMT-0700 (PDT). added/changed 1 file(s): assets/custom.scss.
Deploy complete @ Mon Oct 09 2017 19:58:48 GMT-0700 (PDT). added/changed 1 file(s): assets/custom.scss.
Deploy complete @ Mon Oct 09 2017 20:00:54 GMT-0700 (PDT). added/changed 1 file(s): assets/custom.scss.
Deploy complete @ Mon Oct 09 2017 20:01:06 GMT-0700 (PDT). added/changed 1 file(s): assets/custom.scss.
Deploy complete @ Mon Oct 09 2017 20:01:48 GMT-0700 (PDT). added/changed 1 file(s): assets/custom.scss.
Deploy complete @ Mon Oct 09 2017 20:02:09 GMT-0700 (PDT). added/changed 1 file(s): assets/custom.scss.
Deploy complete @ Mon Oct 09 2017 20:04:45 GMT-0700 (PDT). added/changed 1 file(s): assets/subscribe-to-the-newsletter.svg.
Deploy complete @ Mon Oct 09 2017 20:07:54 GMT-0700 (PDT). added/changed 1 file(s): assets/custom.scss.
Deploy complete @ Mon Oct 09 2017 20:08:10 GMT-0700 (PDT). added/changed 1 file(s): assets/custom.scss.
Deploy complete @ Mon Oct 09 2017 20:08:23 GMT-0700 (PDT). added/changed 1 file(s): assets/custom.scss.
Deploy complete @ Mon Oct 09 2017 20:08:32 GMT-0700 (PDT). added/changed 1 file(s): assets/custom.scss.
Deploy complete @ Mon Oct 09 2017 20:08:51 GMT-0700 (PDT). added/changed 1 file(s): assets/custom.scss.
Deploy complete @ Mon Oct 09 2017 20:08:59 GMT-0700 (PDT). added/changed 1 file(s): assets/custom.scss.
Deploy complete @ Mon Oct 09 2017 20:09:12 GMT-0700 (PDT). added/changed 1 file(s): assets/custom.scss.
Deploy complete @ Mon Oct 09 2017 20:09:38 GMT-0700 (PDT). added/changed 1 file(s): assets/custom.scss.
Deploy complete @ Mon Oct 09 2017 20:10:04 GMT-0700 (PDT). added/changed 1 file(s): assets/custom.scss.
Deploy complete @ Mon Oct 09 2017 20:10:53 GMT-0700 (PDT). added/changed 1 file(s): assets/custom.scss.
Deploy complete @ Mon Oct 09 2017 20:12:08 GMT-0700 (PDT). added/changed 1 file(s): assets/custom.scss.
Deploy complete @ Mon Oct 09 2017 20:12:38 GMT-0700 (PDT). added/changed 1 file(s): assets/custom.scss.
Deploy complete @ Mon Oct 09 2017 20:14:16 GMT-0700 (PDT). added/changed 1 file(s): sections/footer.liquid.
Deploy complete @ Mon Oct 09 2017 20:14:35 GMT-0700 (PDT). added/changed 1 file(s): assets/custom.scss.
Deploy complete @ Mon Oct 09 2017 20:15:04 GMT-0700 (PDT). added/changed 1 file(s): assets/custom.scss.
Deploy complete @ Mon Oct 09 2017 20:15:56 GMT-0700 (PDT). added/changed 1 file(s): assets/custom.scss.
Deploy complete @ Mon Oct 09 2017 20:16:49 GMT-0700 (PDT). added/changed 1 file(s): sections/footer.liquid.
Deploy complete @ Mon Oct 09 2017 20:17:12 GMT-0700 (PDT). added/changed 1 file(s): sections/footer.liquid.
Deploy complete @ Mon Oct 09 2017 20:17:32 GMT-0700 (PDT). added/changed 1 file(s): sections/footer.liquid.
Deploy complete @ Mon Oct 09 2017 20:18:08 GMT-0700 (PDT). added/changed 1 file(s): sections/footer.liquid.
Deploy complete @ Mon Oct 09 2017 20:19:28 GMT-0700 (PDT). added/changed 1 file(s): assets/custom.scss.
Deploy complete @ Mon Oct 09 2017 20:20:26 GMT-0700 (PDT). added/changed 1 file(s): assets/custom.scss.
